Unity Editor version:    2021.1.20f1 (be552157821d)
Branch:                  2021.1/staging
Build type:              Release
Batch mode:              YES
macOS version:           Version 11.7 (Build 20G817)
Darwin version:          20.6.0
Architecture:            x86_64
Running under Rosetta:   NO
Available memory:        16384 MB
Using pre-set license
Pro License: NO
Pro License: NO

COMMAND LINE ARGUMENTS:
/Applications/Unity/Unity.app/Contents/MacOS/Unity
-adb2
-batchMode
-noUpm
-name
AssetImportWorker0
-projectPath
/Users/game3/Desktop/Create With Code/Personal Project
-logFile
Logs/AssetImportWorker0.log
-srvPort
50663
Successfully changed project path to: /Users/game3/Desktop/Create With Code/Personal Project
/Users/game3/Desktop/Create With Code/Personal Project
Using Asset Import Pipeline V2.
Refreshing native plugins compatible for Editor in 96.06 ms, found 3 plugins.
Preloading 0 native plugins for Editor in 0.00 ms.
Initialize engine version: 2021.1.20f1 (be552157821d)
[Subsystems] Discovering subsystems at path /Applications/Unity/Unity.app/Contents/Resources/UnitySubsystems
[Subsystems] Discovering subsystems at path /Users/game3/Desktop/Create With Code/Personal Project/Assets
GfxDevice: creating device client; threaded=0; jobified=0
2024-01-17 12:24:52.192 Unity[3697:142478] iMac preferred device: AMD Radeon Pro 5500 XT (high power)
2024-01-17 12:24:52.192 Unity[3697:142478] Metal devices available: 1
2024-01-17 12:24:52.192 Unity[3697:142478] 0: AMD Radeon Pro 5500 XT (high power)
2024-01-17 12:24:52.192 Unity[3697:142478] Using device AMD Radeon Pro 5500 XT (high power)
Initializing Metal device caps: AMD Radeon Pro 5500 XT
Initialize mono
Mono path[0] = '/Applications/Unity/Unity.app/Contents/Managed'
Mono path[1] = '/Applications/Unity/Unity.app/Contents/MonoBleedingEdge/lib/mono/unityjit'
Mono config path = '/Applications/Unity/Unity.app/Contents/MonoBleedingEdge/etc'
Using monoOptions --debugger-agent=transport=dt_socket,embedding=1,server=y,suspend=n,address=127.0.0.1:56697
Begin MonoManager ReloadAssembly
Registering precompiled unity dll's ...
Register platform support module: /Applications/Unity/Unity.app/Contents/PlaybackEngines/MacStandaloneSupport/UnityEditor.OSXStandalone.Extensions.dll
Registered in 0.000449 seconds.
Native extension for OSXStandalone target not found
Refreshing native plugins compatible for Editor in 91.13 ms, found 3 plugins.
Preloading 0 native plugins for Editor in 0.00 ms.
Mono: successfully reloaded assembly
- Completed reload, in  2.116 seconds
Domain Reload Profiling:
	ReloadAssembly (2116ms)
		BeginReloadAssembly (39ms)
			ExecutionOrderSort (0ms)
			DisableScriptedObjects (0ms)
			BackupInstance (0ms)
			ReleaseScriptingObjects (0ms)
			CreateAndSetChildDomain (1ms)
		EndReloadAssembly (475ms)
			LoadAssemblies (38ms)
			RebuildTransferFunctionScriptingTraits (0ms)
			SetupTypeCache (174ms)
			ReleaseScriptCaches (0ms)
			RebuildScriptCaches (34ms)
			SetupLoadedEditorAssemblies (230ms)
				LogAssemblyErrors (0ms)
				InitializePlatformSupportModulesInManaged (5ms)
				SetLoadedEditorAssemblies (0ms)
				RefreshPlugins (91ms)
				BeforeProcessingInitializeOnLoad (1ms)
				ProcessInitializeOnLoadAttributes (104ms)
				ProcessInitializeOnLoadMethodAttributes (27ms)
				AfterProcessingInitializeOnLoad (0ms)
				EditorAssembliesLoaded (0ms)
			ExecutionOrderSort2 (0ms)
			AwakeInstancesAfterBackupRestoration (0ms)
Platform modules already initialized, skipping
Registering precompiled user dll's ...
Registered in 0.002087 seconds.
Begin MonoManager ReloadAssembly
Symbol file LoadedFromMemory doesn't match image /Users/game3/Desktop/Create With Code/Personal Project/Library/PackageCache/com.unity.visualscripting@1.6.1/Editor/VisualScripting.Core/Dependencies/YamlDotNet/Unity.VisualScripting.YamlDotNet.dll
Symbol file LoadedFromMemory doesn't match image /Users/game3/Desktop/Create With Code/Personal Project/Library/PackageCache/com.unity.visualscripting@1.6.1/Editor/VisualScripting.Core/Dependencies/DotNetZip/Unity.VisualScripting.IonicZip.dll
Native extension for OSXStandalone target not found
Refreshing native plugins compatible for Editor in 90.57 ms, found 3 plugins.
Preloading 0 native plugins for Editor in 0.00 ms.
Mono: successfully reloaded assembly
- Completed reload, in  1.234 seconds
Domain Reload Profiling:
	ReloadAssembly (1235ms)
		BeginReloadAssembly (143ms)
			ExecutionOrderSort (0ms)
			DisableScriptedObjects (4ms)
			BackupInstance (0ms)
			ReleaseScriptingObjects (0ms)
			CreateAndSetChildDomain (31ms)
		EndReloadAssembly (1035ms)
			LoadAssemblies (99ms)
			RebuildTransferFunctionScriptingTraits (0ms)
			SetupTypeCache (377ms)
			ReleaseScriptCaches (1ms)
			RebuildScriptCaches (57ms)
			SetupLoadedEditorAssemblies (394ms)
				LogAssemblyErrors (0ms)
				InitializePlatformSupportModulesInManaged (3ms)
				SetLoadedEditorAssemblies (0ms)
				RefreshPlugins (91ms)
				BeforeProcessingInitializeOnLoad (66ms)
				ProcessInitializeOnLoadAttributes (218ms)
				ProcessInitializeOnLoadMethodAttributes (15ms)
				AfterProcessingInitializeOnLoad (1ms)
				EditorAssembliesLoaded (0ms)
			ExecutionOrderSort2 (0ms)
			AwakeInstancesAfterBackupRestoration (7ms)
Platform modules already initialized, skipping
========================================================================
Worker process is ready to serve import requests
Launching external process: /Applications/Unity/Unity.app/Contents/Tools/UnityShaderCompiler
Launched and connected shader compiler UnityShaderCompiler after 0.51 seconds
Refreshing native plugins compatible for Editor in 0.66 ms, found 3 plugins.
Preloading 0 native plugins for Editor in 0.00 ms.
Unloading 3677 Unused Serialized files (Serialized files now loaded: 0)
System memory in use before: 249.3 MB.
System memory in use after: 249.5 MB.

Unloading 30 unused Assets to reduce memory usage. Loaded Objects now: 4128.
Total: 2.924205 ms (FindLiveObjects: 0.234212 ms CreateObjectMapping: 0.145016 ms MarkObjects: 2.499701 ms  DeleteObjects: 0.044552 ms)

AssetImportParameters requested are different than current active one (requested -> active):
  custom:video-decoder-ogg-theora: a1e56fd34408186e4bbccfd4996cb3dc -> 
  custom:container-muxer-webm: aa71ff27fc2769a1b78a27578f13a17b -> 
  custom:container-demuxer-webm: 4f35f7cbe854078d1ac9338744f61a02 -> 
  custom:container-demuxer-ogg: 62fdf1f143b41e24485cea50d1cbac27 -> 
  custom:video-encoder-webm-vp8: eb34c28f22e8b96e1ab97ce403110664 -> 
  custom:framework-osx-AVFoundation: e770b220cccbd017edd2c1fefb359320 -> 
  custom:video-decoder-webm-vp8: 9c59270c3fd7afecdb556c50c9e8de78 -> 
  custom:audio-decoder-ogg-vorbis: bf7c407c2cedff20999df2af8eb42d56 -> 
  custom:audio-encoder-webm-vorbis: bf7c407c2cedff20999df2af8eb42d56 -> 
========================================================================
Received Import Request.
  path: Assets/RGP icons free start pack/backgrounds/bg_swhirl_yellow.png
  artifactKey: Guid(b891a2cc80c288a4a8fc1a6ec6384310) Importer(815301076,1909f56bfc062723c751e8b465ee728b)
Start importing Assets/RGP icons free start pack/backgrounds/bg_swhirl_yellow.png using Guid(b891a2cc80c288a4a8fc1a6ec6384310) Importer(815301076,1909f56bfc062723c751e8b465ee728b)  -> (artifact id: '873edda9523d92bfa9e2b57f6bd54d34') in 0.767521 seconds 
========================================================================
Received Import Request.
  Time since last request: 0.000130 seconds.
  path: Assets/RGP icons free start pack/demo/demo.unity
  artifactKey: Guid(65807083c3d9b064399215d12483552c) Importer(815301076,1909f56bfc062723c751e8b465ee728b)
Start importing Assets/RGP icons free start pack/demo/demo.unity using Guid(65807083c3d9b064399215d12483552c) Importer(815301076,1909f56bfc062723c751e8b465ee728b)  -> (artifact id: '46b954527074180c43e0f928bbe817fd') in 0.001214 seconds 
========================================================================
Received Import Request.
  Time since last request: 0.000106 seconds.
  path: Assets/RGP icons free start pack/backgrounds
  artifactKey: Guid(d09ca48edc3ce004ca4fa92a5b2fb5ec) Importer(815301076,1909f56bfc062723c751e8b465ee728b)
Start importing Assets/RGP icons free start pack/backgrounds using Guid(d09ca48edc3ce004ca4fa92a5b2fb5ec) Importer(815301076,1909f56bfc062723c751e8b465ee728b)  -> (artifact id: '9fe848ecc3c8e5808878b28a02efdaf1') in 0.000778 seconds 
========================================================================
Received Import Request.
  Time since last request: 0.000128 seconds.
  path: Assets/RGP icons free start pack/backgrounds/bg_black_frame.png
  artifactKey: Guid(286f20e1602d37e47831fde6255f5390) Importer(815301076,1909f56bfc062723c751e8b465ee728b)
Start importing Assets/RGP icons free start pack/backgrounds/bg_black_frame.png using Guid(286f20e1602d37e47831fde6255f5390) Importer(815301076,1909f56bfc062723c751e8b465ee728b)  -> (artifact id: '5de9af13903e6fc158e6bfd73feeed87') in 0.007539 seconds 
========================================================================
Received Import Request.
  Time since last request: 0.000106 seconds.
  path: Assets/RGP icons free start pack/demo
  artifactKey: Guid(37acfa79f774b5d429d0eb9c5202a937) Importer(815301076,1909f56bfc062723c751e8b465ee728b)
Start importing Assets/RGP icons free start pack/demo using Guid(37acfa79f774b5d429d0eb9c5202a937) Importer(815301076,1909f56bfc062723c751e8b465ee728b)  -> (artifact id: 'c8e6931eed04ca64a0a57bea7c6c2450') in 0.000803 seconds 
========================================================================
Received Import Request.
  Time since last request: 3.086309 seconds.
  path: Assets/RGP icons free start pack/items
  artifactKey: Guid(58a7b4015091d214fb68773e9b34dc12) Importer(815301076,1909f56bfc062723c751e8b465ee728b)
Start importing Assets/RGP icons free start pack/items using Guid(58a7b4015091d214fb68773e9b34dc12) Importer(815301076,1909f56bfc062723c751e8b465ee728b)  -> (artifact id: '75c35506e3410095d1eb0585f6efa1e1') in 0.001052 seconds 
========================================================================
Received Import Request.
  Time since last request: 0.055712 seconds.
  path: Assets/RGP icons free start pack/items/arrow_basic.png
  artifactKey: Guid(98bdcbf4fc31e2340bc64a5db9ac98f8) Importer(815301076,1909f56bfc062723c751e8b465ee728b)
Start importing Assets/RGP icons free start pack/items/arrow_basic.png using Guid(98bdcbf4fc31e2340bc64a5db9ac98f8) Importer(815301076,1909f56bfc062723c751e8b465ee728b)  -> (artifact id: '077eb868038b490d7d5ac2fe08e6192f') in 0.007184 seconds 
========================================================================
Received Import Request.
  Time since last request: 0.000112 seconds.
  path: Assets/RGP icons free start pack/items/gem_diamond_red.png
  artifactKey: Guid(1200fd4c89ff9654483fdc0805358f5e) Importer(815301076,1909f56bfc062723c751e8b465ee728b)
Start importing Assets/RGP icons free start pack/items/gem_diamond_red.png using Guid(1200fd4c89ff9654483fdc0805358f5e) Importer(815301076,1909f56bfc062723c751e8b465ee728b)  -> (artifact id: 'f68170373471b89eaf3dd1cb39ec15b7') in 0.009625 seconds 
========================================================================
Received Import Request.
  Time since last request: 0.000092 seconds.
  path: Assets/RGP icons free start pack/items/sword_basic4_blue.png
  artifactKey: Guid(a332f9cc2040f6042a04c65fa9e4a000) Importer(815301076,1909f56bfc062723c751e8b465ee728b)
Start importing Assets/RGP icons free start pack/items/sword_basic4_blue.png using Guid(a332f9cc2040f6042a04c65fa9e4a000) Importer(815301076,1909f56bfc062723c751e8b465ee728b)  -> (artifact id: '5b39256fd221c891d7938d2811cba947') in 0.008657 seconds 
========================================================================
Received Import Request.
  Time since last request: 0.000117 seconds.
  path: Assets/RGP icons free start pack/items/gold_bars_three.png
  artifactKey: Guid(a0c46bd0ce09e0d479ad2962809f906f) Importer(815301076,1909f56bfc062723c751e8b465ee728b)
Start importing Assets/RGP icons free start pack/items/gold_bars_three.png using Guid(a0c46bd0ce09e0d479ad2962809f906f) Importer(815301076,1909f56bfc062723c751e8b465ee728b)  -> (artifact id: '27f1a3c325f9c7823def231339db0c82') in 0.008021 seconds 
========================================================================
Received Import Request.
  Time since last request: 0.000141 seconds.
  path: Assets/RGP icons free start pack/items/bottle_standard_blue.png
  artifactKey: Guid(10876d86c0d0c7948ab7c3f219be6325) Importer(815301076,1909f56bfc062723c751e8b465ee728b)
Start importing Assets/RGP icons free start pack/items/bottle_standard_blue.png using Guid(10876d86c0d0c7948ab7c3f219be6325) Importer(815301076,1909f56bfc062723c751e8b465ee728b)  -> (artifact id: 'c1ee68b1aae7038ccc9d6ce2ef945db1') in 0.008007 seconds 
========================================================================
Received Import Request.
  Time since last request: 0.000124 seconds.
  path: Assets/RGP icons free start pack/items/necklace_silver_red.png
  artifactKey: Guid(8e859c149e0cd814ea9acc8581953bd6) Importer(815301076,1909f56bfc062723c751e8b465ee728b)
Start importing Assets/RGP icons free start pack/items/necklace_silver_red.png using Guid(8e859c149e0cd814ea9acc8581953bd6) Importer(815301076,1909f56bfc062723c751e8b465ee728b)  -> (artifact id: '972795b39b2f6f84c8e9ef38f06318ce') in 0.008980 seconds 
========================================================================
Received Import Request.
  Time since last request: 0.000132 seconds.
  path: Assets/RGP icons free start pack/items/mushroom_big_red.png
  artifactKey: Guid(6270d46c6c1104b448fb5bac5bede74d) Importer(815301076,1909f56bfc062723c751e8b465ee728b)
Start importing Assets/RGP icons free start pack/items/mushroom_big_red.png using Guid(6270d46c6c1104b448fb5bac5bede74d) Importer(815301076,1909f56bfc062723c751e8b465ee728b)  -> (artifact id: '8cbb8d6aed45f14d48d368924c2b7152') in 0.009462 seconds 
========================================================================
Received Import Request.
  Time since last request: 0.000115 seconds.
  path: Assets/RGP icons free start pack/items/scroll_map2.png
  artifactKey: Guid(0a4e4ed28cc111a418bd671fe19adab0) Importer(815301076,1909f56bfc062723c751e8b465ee728b)
Start importing Assets/RGP icons free start pack/items/scroll_map2.png using Guid(0a4e4ed28cc111a418bd671fe19adab0) Importer(815301076,1909f56bfc062723c751e8b465ee728b)  -> (artifact id: '0460e2ce80edb3c2e82f63a691e1ce9e') in 0.008183 seconds 
========================================================================
Received Import Request.
  Time since last request: 0.000115 seconds.
  path: Assets/RGP icons free start pack/items/bone_skull.png
  artifactKey: Guid(1c728f7cc6548f24cadceb6478fa25cc) Importer(815301076,1909f56bfc062723c751e8b465ee728b)
Start importing Assets/RGP icons free start pack/items/bone_skull.png using Guid(1c728f7cc6548f24cadceb6478fa25cc) Importer(815301076,1909f56bfc062723c751e8b465ee728b)  -> (artifact id: 'e25a5d7d3a5c35cd803bb24f35684cda') in 0.007395 seconds 
========================================================================
Received Import Request.
  Time since last request: 0.000134 seconds.
  path: Assets/RGP icons free start pack/items/bone_white.png
  artifactKey: Guid(b45939f11371c524684402713923fe54) Importer(815301076,1909f56bfc062723c751e8b465ee728b)
Start importing Assets/RGP icons free start pack/items/bone_white.png using Guid(b45939f11371c524684402713923fe54) Importer(815301076,1909f56bfc062723c751e8b465ee728b)  -> (artifact id: 'ed6cabdcaf61cac6870b1ebaf5edf8f8') in 0.007044 seconds 
========================================================================
Received Import Request.
  Time since last request: 0.000112 seconds.
  path: Assets/RGP icons free start pack/items/crown_gold.png
  artifactKey: Guid(409f9bc68f7fc3646b5386b3fb9e2a3a) Importer(815301076,1909f56bfc062723c751e8b465ee728b)
Start importing Assets/RGP icons free start pack/items/crown_gold.png using Guid(409f9bc68f7fc3646b5386b3fb9e2a3a) Importer(815301076,1909f56bfc062723c751e8b465ee728b)  -> (artifact id: 'e1d605613f80141210ae4dc001f3f950') in 0.008725 seconds 
========================================================================
Received Import Request.
  Time since last request: 0.000125 seconds.
  path: Assets/RGP icons free start pack/items/bow_wood1.png
  artifactKey: Guid(8f908a0041a1aee4c8b02d9449ebd224) Importer(815301076,1909f56bfc062723c751e8b465ee728b)
Start importing Assets/RGP icons free start pack/items/bow_wood1.png using Guid(8f908a0041a1aee4c8b02d9449ebd224) Importer(815301076,1909f56bfc062723c751e8b465ee728b)  -> (artifact id: 'da7509262b3b5fbb5671c5420f105b86') in 0.007736 seconds 
========================================================================
Received Import Request.
  Time since last request: 0.000109 seconds.
  path: Assets/RGP icons free start pack/items/wood_log.png
  artifactKey: Guid(65c59ccc59b5690458cb9e5324edc5dc) Importer(815301076,1909f56bfc062723c751e8b465ee728b)
Start importing Assets/RGP icons free start pack/items/wood_log.png using Guid(65c59ccc59b5690458cb9e5324edc5dc) Importer(815301076,1909f56bfc062723c751e8b465ee728b)  -> (artifact id: '6fd8cbdd6737f44be2733d443f34d5e4') in 0.007611 seconds 
========================================================================
Received Import Request.
  Time since last request: 0.000134 seconds.
  path: Assets/RGP icons free start pack/items/sword_basic_blue.png
  artifactKey: Guid(08d5ec2d201ece949a5e428ba3ea0e63) Importer(815301076,1909f56bfc062723c751e8b465ee728b)
Start importing Assets/RGP icons free start pack/items/sword_basic_blue.png using Guid(08d5ec2d201ece949a5e428ba3ea0e63) Importer(815301076,1909f56bfc062723c751e8b465ee728b)  -> (artifact id: '142713c21dc1c524c6f99f990bebfbf7') in 0.007396 seconds 
========================================================================
Received Import Request.
  Time since last request: 0.000118 seconds.
  path: Assets/RGP icons free start pack/items/silver_bars.png
  artifactKey: Guid(e78313c7d47aeb845aee79d5bc8d26c5) Importer(815301076,1909f56bfc062723c751e8b465ee728b)
Start importing Assets/RGP icons free start pack/items/silver_bars.png using Guid(e78313c7d47aeb845aee79d5bc8d26c5) Importer(815301076,1909f56bfc062723c751e8b465ee728b)  -> (artifact id: '828cfa30105123b5668e6b8cb5d9de16') in 0.009437 seconds 
========================================================================
Received Import Request.
  Time since last request: 0.000117 seconds.
  path: Assets/RGP icons free start pack/items/shield_basic_metal.png
  artifactKey: Guid(f270ae2815e437842921f264c20b5271) Importer(815301076,1909f56bfc062723c751e8b465ee728b)
Start importing Assets/RGP icons free start pack/items/shield_basic_metal.png using Guid(f270ae2815e437842921f264c20b5271) Importer(815301076,1909f56bfc062723c751e8b465ee728b)  -> (artifact id: 'cd12ab68d1e68e698153f178c0b1d8a4') in 0.008462 seconds 
========================================================================
Received Import Request.
  Time since last request: 0.000131 seconds.
  path: Assets/RGP icons free start pack/items/ring_gold_magic.png
  artifactKey: Guid(a7fa02c269abaed47bd3a49986381846) Importer(815301076,1909f56bfc062723c751e8b465ee728b)
Start importing Assets/RGP icons free start pack/items/ring_gold_magic.png using Guid(a7fa02c269abaed47bd3a49986381846) Importer(815301076,1909f56bfc062723c751e8b465ee728b)  -> (artifact id: '7c146cb53910514079661a681fd8f9b3') in 0.007486 seconds 
========================================================================
Received Import Request.
  Time since last request: 0.000111 seconds.
  path: Assets/RGP icons free start pack/items/key_silver.png
  artifactKey: Guid(68fba0368e8dc8842ad10756647eee14) Importer(815301076,1909f56bfc062723c751e8b465ee728b)
Start importing Assets/RGP icons free start pack/items/key_silver.png using Guid(68fba0368e8dc8842ad10756647eee14) Importer(815301076,1909f56bfc062723c751e8b465ee728b)  -> (artifact id: 'aa84d5c6ecc8482ee7ff232f603b59b9') in 0.007509 seconds 
========================================================================
Received Import Request.
  Time since last request: 0.000130 seconds.
  path: Assets/RGP icons free start pack/items/wood_logs_three.png
  artifactKey: Guid(63af52b5b92b10c4594f1085a1a0ab94) Importer(815301076,1909f56bfc062723c751e8b465ee728b)
Start importing Assets/RGP icons free start pack/items/wood_logs_three.png using Guid(63af52b5b92b10c4594f1085a1a0ab94) Importer(815301076,1909f56bfc062723c751e8b465ee728b)  -> (artifact id: 'a5a23aa16aef2645d214fec594db9bac') in 0.007916 seconds 
========================================================================
Received Import Request.
  Time since last request: 0.000117 seconds.
  path: Assets/RGP icons free start pack/items/book_closed_red.png
  artifactKey: Guid(01e77d20268c10549970c6e3787cd10e) Importer(815301076,1909f56bfc062723c751e8b465ee728b)
Start importing Assets/RGP icons free start pack/items/book_closed_red.png using Guid(01e77d20268c10549970c6e3787cd10e) Importer(815301076,1909f56bfc062723c751e8b465ee728b)  -> (artifact id: 'a1a6fcf1df25569ab67e438c1535fa87') in 0.008132 seconds 
========================================================================
Received Import Request.
  Time since last request: 0.000126 seconds.
  path: Assets/RGP icons free start pack/items/gold_coins_many.png
  artifactKey: Guid(93b5b28db06f8d2439c780ec3aeb28d2) Importer(815301076,1909f56bfc062723c751e8b465ee728b)
Start importing Assets/RGP icons free start pack/items/gold_coins_many.png using Guid(93b5b28db06f8d2439c780ec3aeb28d2) Importer(815301076,1909f56bfc062723c751e8b465ee728b)  -> (artifact id: '98d6b2cd6c95ec6964eb5625d6f1ad4e') in 0.008704 seconds 
========================================================================
Received Import Request.
  Time since last request: 0.000116 seconds.
  path: Assets/RGP icons free start pack/items/silver_coins_many.png
  artifactKey: Guid(401e0dc6359ba784fbe939a1148487cf) Importer(815301076,1909f56bfc062723c751e8b465ee728b)
Start importing Assets/RGP icons free start pack/items/silver_coins_many.png using Guid(401e0dc6359ba784fbe939a1148487cf) Importer(815301076,1909f56bfc062723c751e8b465ee728b)  -> (artifact id: 'd9eb6e4b267cec5f599af830c4814775') in 0.008438 seconds 
========================================================================
Received Import Request.
  Time since last request: 0.000115 seconds.
  path: Assets/RGP icons free start pack/items/bottle_standard_empty.png
  artifactKey: Guid(c257574b1b8ee104582a93ecac457485) Importer(815301076,1909f56bfc062723c751e8b465ee728b)
Start importing Assets/RGP icons free start pack/items/bottle_standard_empty.png using Guid(c257574b1b8ee104582a93ecac457485) Importer(815301076,1909f56bfc062723c751e8b465ee728b)  -> (artifact id: '11fadc522f34a9efb9fba9cc198b9f0f') in 0.008769 seconds 
========================================================================
Received Import Request.
  Time since last request: 0.000136 seconds.
  path: Assets/RGP icons free start pack/items/bottle_standard_green.png
  artifactKey: Guid(0edcb30428af9c34b9114c75ee984bf2) Importer(815301076,1909f56bfc062723c751e8b465ee728b)
Start importing Assets/RGP icons free start pack/items/bottle_standard_green.png using Guid(0edcb30428af9c34b9114c75ee984bf2) Importer(815301076,1909f56bfc062723c751e8b465ee728b)  -> (artifact id: 'b19e74997e77fff6ad18ca230447c0e3') in 0.008925 seconds 
========================================================================
Received Import Request.
  Time since last request: 0.000127 seconds.
  path: Assets/RGP icons free start pack/items/fish_green.png
  artifactKey: Guid(b416145d20baa364598d07e1740ae2fb) Importer(815301076,1909f56bfc062723c751e8b465ee728b)
Start importing Assets/RGP icons free start pack/items/fish_green.png using Guid(b416145d20baa364598d07e1740ae2fb) Importer(815301076,1909f56bfc062723c751e8b465ee728b)  -> (artifact id: 'b2a0c08396cda25474e4aea70f54203b') in 0.007298 seconds 
========================================================================
Received Import Request.
  Time since last request: 0.000111 seconds.
  path: Assets/RGP icons free start pack/items/cape_hood_darkyellow.png
  artifactKey: Guid(9d7e931295e92b8419dde467e5f709b8) Importer(815301076,1909f56bfc062723c751e8b465ee728b)
Start importing Assets/RGP icons free start pack/items/cape_hood_darkyellow.png using Guid(9d7e931295e92b8419dde467e5f709b8) Importer(815301076,1909f56bfc062723c751e8b465ee728b)  -> (artifact id: '3fd36e8dc2d4adf73f76529570ff8dba') in 0.007698 seconds 
AssetImportWorkerClient::OnTransportError - code=2 error=End of file
